13:20:35.291 [main] INFO  testCases.TC_001_AccountRegistrationTest - Entering customer details.. 
13:20:37.330 [main] INFO  testCases.TC_001_AccountRegistrationTest - clicked on continue..
13:20:37.376 [main] INFO  testCases.TC_001_AccountRegistrationTest - Validating expected message..
13:20:37.379 [main] DEBUG testCases.TC_001_AccountRegistrationTest - application logs end.......
13:20:37.379 [main] INFO  testCases.TC_001_AccountRegistrationTest - **** finished TC_001_AccountRegistrationTest  *****
13:20:55.714 [main] DEBUG org.testng.TestNG - suiteXmlPath: "C:\Users\Kattamanchi.Hareesh\Desktop\opencart-master\opencart-master\mastersuite.xml"
13:21:00.995 [main] DEBUG testCases.TC_001_AccountRegistrationTest - application logs started......
13:21:00.996 [main] INFO  testCases.TC_001_AccountRegistrationTest - **** starting TC_001_AccountRegistrationTest  *****
13:21:01.283 [main] INFO  testCases.TC_001_AccountRegistrationTest - Clicked on MyAccount link
13:21:02.135 [main] INFO  testCases.TC_001_AccountRegistrationTest - Clicked on registration link
13:21:02.135 [main] INFO  testCases.TC_001_AccountRegistrationTest - Entering customer details.. 
13:21:03.969 [main] INFO  testCases.TC_001_AccountRegistrationTest - clicked on continue..
13:21:04.019 [main] INFO  testCases.TC_001_AccountRegistrationTest - Validating expected message..
13:21:04.022 [main] DEBUG testCases.TC_001_AccountRegistrationTest - application logs end.......
13:21:04.022 [main] INFO  testCases.TC_001_AccountRegistrationTest - **** finished TC_001_AccountRegistrationTest  *****
13:22:40.562 [main] DEBUG org.testng.TestNG - suiteXmlPath: "C:\Users\Kattamanchi.Hareesh\Desktop\opencart-master\opencart-master\mastersuite.xml"
13:22:46.770 [main] DEBUG testCases.TC_001_AccountRegistrationTest - application logs started......
13:22:46.770 [main] INFO  testCases.TC_001_AccountRegistrationTest - **** starting TC_001_AccountRegistrationTest  *****
13:22:47.168 [main] INFO  testCases.TC_001_AccountRegistrationTest - Clicked on MyAccount link
13:22:47.923 [main] INFO  testCases.TC_001_AccountRegistrationTest - Clicked on registration link
13:22:47.923 [main] INFO  testCases.TC_001_AccountRegistrationTest - Entering customer details.. 
13:22:50.052 [main] INFO  testCases.TC_001_AccountRegistrationTest - clicked on continue..
13:22:50.116 [main] INFO  testCases.TC_001_AccountRegistrationTest - Validating expected message..
13:22:50.122 [main] DEBUG testCases.TC_001_AccountRegistrationTest - application logs end.......
13:22:50.122 [main] INFO  testCases.TC_001_AccountRegistrationTest - **** finished TC_001_AccountRegistrationTest  *****
13:22:53.070 [main] INFO  testCases.TC_002_LoginTest - **** Starting TC_002_LoginTest  ****
13:22:53.070 [main] DEBUG testCases.TC_002_LoginTest - capturing application debug logs....
13:22:53.778 [main] INFO  testCases.TC_002_LoginTest - clicked on myaccount link on the home page..
13:22:54.185 [main] INFO  testCases.TC_002_LoginTest - clicked on login link under myaccount..
13:22:54.191 [main] INFO  testCases.TC_002_LoginTest - Entering valid email and password..
13:22:55.126 [main] INFO  testCases.TC_002_LoginTest - clicked on ligin button..
13:23:09.573 [main] INFO  testCases.TC_004_SearchProductTest -  Starting TC_004_SearchProductTest 
13:23:10.592 [main] INFO  testCases.TC_004_SearchProductTest -  Finished TC_004_SearchProductTest 
13:23:14.631 [main] INFO  testCases.TC_005_AddToCartPageTest -  Starting TC_005_AddToCartPageTest 
13:26:05.614 [main] DEBUG org.testng.TestNG - suiteXmlPath: "C:\Users\Kattamanchi.Hareesh\Desktop\opencart-master\opencart-master\mastersuite.xml"
13:26:10.511 [main] DEBUG testCases.TC_001_AccountRegistrationTest - application logs started......
13:26:10.511 [main] INFO  testCases.TC_001_AccountRegistrationTest - **** starting TC_001_AccountRegistrationTest  *****
13:26:11.201 [main] INFO  testCases.TC_001_AccountRegistrationTest - Clicked on MyAccount link
13:26:11.764 [main] INFO  testCases.TC_001_AccountRegistrationTest - Clicked on registration link
13:26:11.765 [main] INFO  testCases.TC_001_AccountRegistrationTest - Entering customer details.. 
13:26:13.426 [main] INFO  testCases.TC_001_AccountRegistrationTest - clicked on continue..
13:26:13.475 [main] INFO  testCases.TC_001_AccountRegistrationTest - Validating expected message..
13:26:13.477 [main] DEBUG testCases.TC_001_AccountRegistrationTest - application logs end.......
13:26:13.477 [main] INFO  testCases.TC_001_AccountRegistrationTest - **** finished TC_001_AccountRegistrationTest  *****
13:26:16.403 [main] INFO  testCases.TC_002_LoginTest - **** Starting TC_002_LoginTest  ****
13:26:16.404 [main] DEBUG testCases.TC_002_LoginTest - capturing application debug logs....
13:26:17.068 [main] INFO  testCases.TC_002_LoginTest - clicked on myaccount link on the home page..
13:26:17.784 [main] INFO  testCases.TC_002_LoginTest - clicked on login link under myaccount..
13:26:17.788 [main] INFO  testCases.TC_002_LoginTest - Entering valid email and password..
